[
  {
    "timestamp": "2025-12-10T11:01:21.846854",
    "category": "syntax",
    "issue": "TypeScript compilation failed: npx/tsc not found. Ensure Node.js and TypeScript are installed.",
    "fix": "Will retry with error feedback",
    "metadata": {
      "client_id": "demo-hvac",
      "attempt": 1
    }
  },
  {
    "timestamp": "2025-12-10T11:02:10.429121",
    "category": "syntax",
    "issue": "TypeScript compilation failed: npx/tsc not found. Ensure Node.js and TypeScript are installed.",
    "fix": "Will retry with error feedback",
    "metadata": {
      "client_id": "demo-hvac",
      "attempt": 2
    }
  },
  {
    "timestamp": "2025-12-10T11:02:58.998379",
    "category": "syntax",
    "issue": "TypeScript compilation failed: npx/tsc not found. Ensure Node.js and TypeScript are installed.",
    "fix": "Will retry with error feedback",
    "metadata": {
      "client_id": "demo-hvac",
      "attempt": 3
    }
  },
  {
    "timestamp": "2025-12-10T11:03:47.605981",
    "category": "syntax",
    "issue": "TypeScript compilation failed: npx/tsc not found. Ensure Node.js and TypeScript are installed.",
    "fix": "Will retry with error feedback",
    "metadata": {
      "client_id": "demo-hvac",
      "attempt": 4
    }
  },
  {
    "timestamp": "2025-12-10T11:04:34.512845",
    "category": "syntax",
    "issue": "TypeScript compilation failed: npx/tsc not found. Ensure Node.js and TypeScript are installed.",
    "fix": "Will retry with error feedback",
    "metadata": {
      "client_id": "demo-hvac",
      "attempt": 5
    }
  },
  {
    "timestamp": "2025-12-10T11:05:23.376257",
    "category": "syntax",
    "issue": "TypeScript compilation failed: npx/tsc not found. Ensure Node.js and TypeScript are installed.",
    "fix": "Will retry with error feedback",
    "metadata": {
      "client_id": "demo-hvac",
      "attempt": 6
    }
  },
  {
    "timestamp": "2025-12-10T11:08:01.511827",
    "category": "syntax",
    "issue": "TypeScript compilation failed: C:/Users/Ryan/AppData/Local/Temp/tmp2c_q7fqb.tsx(300,137): error TS1160: Unterminated template literal.\n",
    "fix": "Will retry with error feedback",
    "metadata": {
      "client_id": "demo-hvac",
      "attempt": 1
    }
  },
  {
    "timestamp": "2025-12-10T11:08:57.497989",
    "category": "syntax",
    "issue": "TypeScript compilation failed: C:/Users/Ryan/AppData/Local/Temp/tmpwnhsjtw8.tsx(309,278): error TS1160: Unterminated template literal.\n",
    "fix": "Will retry with error feedback",
    "metadata": {
      "client_id": "demo-hvac",
      "attempt": 2
    }
  },
  {
    "timestamp": "2025-12-10T11:09:54.136514",
    "category": "syntax",
    "issue": "TypeScript compilation failed: C:/Users/Ryan/AppData/Local/Temp/tmpjqjc4c7d.tsx(312,85): error TS1160: Unterminated template literal.\n",
    "fix": "Will retry with error feedback",
    "metadata": {
      "client_id": "demo-hvac",
      "attempt": 3
    }
  },
  {
    "timestamp": "2025-12-10T11:10:54.586553",
    "category": "syntax",
    "issue": "TypeScript compilation failed: C:/Users/Ryan/AppData/Local/Temp/tmpv4p3hjqi.tsx(306,33): error TS1160: Unterminated template literal.\n",
    "fix": "Will retry with error feedback",
    "metadata": {
      "client_id": "demo-hvac",
      "attempt": 4
    }
  },
  {
    "timestamp": "2025-12-10T11:11:49.178966",
    "category": "syntax",
    "issue": "TypeScript compilation failed: C:/Users/Ryan/AppData/Local/Temp/tmplsr9cnah.tsx(268,79): error TS1160: Unterminated template literal.\n",
    "fix": "Will retry with error feedback",
    "metadata": {
      "client_id": "demo-hvac",
      "attempt": 5
    }
  },
  {
    "timestamp": "2025-12-10T11:12:48.786944",
    "category": "syntax",
    "issue": "TypeScript compilation failed: C:/Users/Ryan/AppData/Local/Temp/tmp0gbow43n.tsx(309,22): error TS1160: Unterminated template literal.\n",
    "fix": "Will retry with error feedback",
    "metadata": {
      "client_id": "demo-hvac",
      "attempt": 6
    }
  },
  {
    "timestamp": "2025-12-10T11:13:21.222434",
    "category": "syntax",
    "issue": "TypeScript compilation failed: C:/Users/Ryan/AppData/Local/Temp/tmp5jx35iaz.tsx(291,44): error TS1160: Unterminated template literal.\n",
    "fix": "Will retry with error feedback",
    "metadata": {
      "client_id": "demo-hvac",
      "attempt": 1
    }
  },
  {
    "timestamp": "2025-12-10T11:14:05.025326",
    "category": "syntax",
    "issue": "TypeScript compilation failed: C:/Users/Ryan/AppData/Local/Temp/tmpo2b9jio4.tsx(318,32): error TS1160: Unterminated template literal.\n",
    "fix": "Will retry with error feedback",
    "metadata": {
      "client_id": "demo-hvac",
      "attempt": 2
    }
  },
  {
    "timestamp": "2025-12-10T11:14:54.044368",
    "category": "syntax",
    "issue": "TypeScript compilation failed: C:/Users/Ryan/AppData/Local/Temp/tmp77r63mja.tsx(218,38): error TS1160: Unterminated template literal.\n",
    "fix": "Will retry with error feedback",
    "metadata": {
      "client_id": "demo-hvac",
      "attempt": 3
    }
  },
  {
    "timestamp": "2025-12-10T11:15:23.976051",
    "category": "syntax",
    "issue": "TypeScript compilation failed: C:/Users/Ryan/AppData/Local/Temp/tmpo1qvrt0o.tsx(211,83): error TS1160: Unterminated template literal.\n",
    "fix": "Will retry with error feedback",
    "metadata": {
      "client_id": "demo-hvac",
      "attempt": 1
    }
  },
  {
    "timestamp": "2025-12-10T11:15:40.300999",
    "category": "syntax",
    "issue": "TypeScript compilation failed: C:/Users/Ryan/AppData/Local/Temp/tmp0sokinm5.tsx(308,26): error TS1160: Unterminated template literal.\n",
    "fix": "Will retry with error feedback",
    "metadata": {
      "client_id": "demo-hvac",
      "attempt": 4
    }
  },
  {
    "timestamp": "2025-12-10T11:16:10.433359",
    "category": "syntax",
    "issue": "TypeScript compilation failed: C:/Users/Ryan/AppData/Local/Temp/tmpif_m8eqw.tsx(264,184): error TS1160: Unterminated template literal.\n",
    "fix": "Will retry with error feedback",
    "metadata": {
      "client_id": "demo-hvac",
      "attempt": 2
    }
  },
  {
    "timestamp": "2025-12-10T11:16:23.409356",
    "category": "syntax",
    "issue": "TypeScript compilation failed: C:/Users/Ryan/AppData/Local/Temp/tmplknddulv.tsx(304,56): error TS1160: Unterminated template literal.\n",
    "fix": "Will retry with error feedback",
    "metadata": {
      "client_id": "demo-hvac",
      "attempt": 5
    }
  },
  {
    "timestamp": "2025-12-10T11:16:59.979506",
    "category": "syntax",
    "issue": "TypeScript compilation failed: C:/Users/Ryan/AppData/Local/Temp/tmpebo0k2ja.tsx(304,7): error TS1160: Unterminated template literal.\n",
    "fix": "Will retry with error feedback",
    "metadata": {
      "client_id": "demo-hvac",
      "attempt": 3
    }
  },
  {
    "timestamp": "2025-12-10T11:17:10.491268",
    "category": "syntax",
    "issue": "TypeScript compilation failed: C:/Users/Ryan/AppData/Local/Temp/tmpedh5nigp.tsx(279,45): error TS1160: Unterminated template literal.\n",
    "fix": "Will retry with error feedback",
    "metadata": {
      "client_id": "demo-hvac",
      "attempt": 6
    }
  },
  {
    "timestamp": "2025-12-10T11:17:35.580395",
    "category": "syntax",
    "issue": "TypeScript compilation failed: C:/Users/Ryan/AppData/Local/Temp/tmp_nffohwj.tsx(304,18): error TS1160: Unterminated template literal.\n",
    "fix": "Will retry with error feedback",
    "metadata": {
      "client_id": "demo-hvac",
      "attempt": 1
    }
  },
  {
    "timestamp": "2025-12-10T11:17:49.920311",
    "category": "syntax",
    "issue": "TypeScript compilation failed: C:/Users/Ryan/AppData/Local/Temp/tmpw7rxoq24.tsx(248,31): error TS1160: Unterminated template literal.\n",
    "fix": "Will retry with error feedback",
    "metadata": {
      "client_id": "demo-hvac",
      "attempt": 4
    }
  },
  {
    "timestamp": "2025-12-10T11:19:09.311421",
    "category": "syntax",
    "issue": "TypeScript compilation failed: C:/Users/Ryan/AppData/Local/Temp/tmp2m5daci4.tsx(333,42): error TS1160: Unterminated template literal.\n",
    "fix": "Will retry with error feedback",
    "metadata": {
      "client_id": "demo-hvac",
      "attempt": 1
    }
  },
  {
    "timestamp": "2025-12-10T11:19:09.599019",
    "category": "syntax",
    "issue": "TypeScript compilation failed: C:/Users/Ryan/AppData/Local/Temp/tmpkzzc93io.tsx(259,54): error TS1160: Unterminated template literal.\n",
    "fix": "Will retry with error feedback",
    "metadata": {
      "client_id": "demo-hvac",
      "attempt": 5
    }
  },
  {
    "timestamp": "2025-12-10T11:19:10.382204",
    "category": "syntax",
    "issue": "TypeScript compilation failed: C:/Users/Ryan/AppData/Local/Temp/tmpfygmdi1v.tsx(212,29): error TS1160: Unterminated template literal.\n",
    "fix": "Will retry with error feedback",
    "metadata": {
      "client_id": "demo-hvac",
      "attempt": 2
    }
  },
  {
    "timestamp": "2025-12-10T11:20:41.086699",
    "category": "syntax",
    "issue": "TypeScript compilation failed: C:/Users/Ryan/AppData/Local/Temp/tmpu53oahkj.tsx(255,95): error TS1160: Unterminated template literal.\n",
    "fix": "Will retry with error feedback",
    "metadata": {
      "client_id": "demo-hvac",
      "attempt": 2
    }
  },
  {
    "timestamp": "2025-12-10T11:20:42.483135",
    "category": "syntax",
    "issue": "TypeScript compilation failed: C:/Users/Ryan/AppData/Local/Temp/tmpr85bupaj.tsx(236,197): error TS1160: Unterminated template literal.\n",
    "fix": "Will retry with error feedback",
    "metadata": {
      "client_id": "demo-hvac",
      "attempt": 3
    }
  },
  {
    "timestamp": "2025-12-10T11:20:45.461529",
    "category": "syntax",
    "issue": "TypeScript compilation failed: C:/Users/Ryan/AppData/Local/Temp/tmpdte4marr.tsx(264,45): error TS1160: Unterminated template literal.\n",
    "fix": "Will retry with error feedback",
    "metadata": {
      "client_id": "demo-hvac",
      "attempt": 1
    }
  },
  {
    "timestamp": "2025-12-10T11:21:30.503476",
    "category": "syntax",
    "issue": "TypeScript compilation failed: C:/Users/Ryan/AppData/Local/Temp/tmpq9yktagz.tsx(289,108): error TS1160: Unterminated template literal.\n",
    "fix": "Will retry with error feedback",
    "metadata": {
      "client_id": "demo-hvac",
      "attempt": 3
    }
  },
  {
    "timestamp": "2025-12-10T11:22:13.340385",
    "category": "syntax",
    "issue": "TypeScript compilation failed: C:/Users/Ryan/AppData/Local/Temp/tmp49nkrj0o.tsx(274,35): error TS1160: Unterminated template literal.\n",
    "fix": "Will retry with error feedback",
    "metadata": {
      "client_id": "demo-hvac",
      "attempt": 4
    }
  },
  {
    "timestamp": "2025-12-10T11:22:14.889304",
    "category": "syntax",
    "issue": "TypeScript compilation failed: C:/Users/Ryan/AppData/Local/Temp/tmpqk3rk_zz.tsx(266,55): error TS1160: Unterminated template literal.\n",
    "fix": "Will retry with error feedback",
    "metadata": {
      "client_id": "demo-hvac",
      "attempt": 2
    }
  },
  {
    "timestamp": "2025-12-10T11:22:38.690281",
    "category": "syntax",
    "issue": "TypeScript compilation failed: C:/Users/Ryan/AppData/Local/Temp/tmp26r4u4p3.tsx(221,31): error TS1160: Unterminated template literal.\n",
    "fix": "Will retry with error feedback",
    "metadata": {
      "client_id": "demo-hvac",
      "attempt": 4
    }
  },
  {
    "timestamp": "2025-12-10T11:24:07.684950",
    "category": "syntax",
    "issue": "TypeScript compilation failed: C:/Users/Ryan/AppData/Local/Temp/tmp2xaoox96.tsx(266,56): error TS1160: Unterminated template literal.\n",
    "fix": "Will retry with error feedback",
    "metadata": {
      "client_id": "demo-hvac",
      "attempt": 3
    }
  },
  {
    "timestamp": "2025-12-10T11:24:12.897414",
    "category": "syntax",
    "issue": "TypeScript compilation failed: C:/Users/Ryan/AppData/Local/Temp/tmpapaibirp.tsx(233,39): error TS1160: Unterminated template literal.\n",
    "fix": "Will retry with error feedback",
    "metadata": {
      "client_id": "demo-hvac",
      "attempt": 5
    }
  },
  {
    "timestamp": "2025-12-10T11:24:49.712014",
    "category": "syntax",
    "issue": "TypeScript compilation failed: C:/Users/Ryan/AppData/Local/Temp/tmpz_a6se5w.tsx(275,42): error TS1160: Unterminated template literal.\n",
    "fix": "Will retry with error feedback",
    "metadata": {
      "client_id": "demo-hvac",
      "attempt": 4
    }
  },
  {
    "timestamp": "2025-12-10T11:25:09.512749",
    "category": "syntax",
    "issue": "TypeScript compilation failed: C:/Users/Ryan/AppData/Local/Temp/tmpbndllnhf.tsx(318,54): error TS1160: Unterminated template literal.\n",
    "fix": "Will retry with error feedback",
    "metadata": {
      "client_id": "demo-hvac",
      "attempt": 6
    }
  },
  {
    "timestamp": "2025-12-10T11:25:42.297939",
    "category": "syntax",
    "issue": "TypeScript compilation failed: C:/Users/Ryan/AppData/Local/Temp/tmplvnmd5ds.tsx(277,176): error TS1160: Unterminated template literal.\n",
    "fix": "Will retry with error feedback",
    "metadata": {
      "client_id": "demo-hvac",
      "attempt": 5
    }
  },
  {
    "timestamp": "2025-12-10T11:26:17.454227",
    "category": "syntax",
    "issue": "TypeScript compilation failed: C:/Users/Ryan/AppData/Local/Temp/tmpq4ro7y47.tsx(265,213): error TS1160: Unterminated template literal.\n",
    "fix": "Will retry with error feedback",
    "metadata": {
      "client_id": "demo-hvac",
      "attempt": 1
    }
  },
  {
    "timestamp": "2025-12-10T11:26:40.874243",
    "category": "syntax",
    "issue": "TypeScript compilation failed: C:/Users/Ryan/AppData/Local/Temp/tmp4wyhcbb6.tsx(237,84): error TS1160: Unterminated template literal.\n",
    "fix": "Will retry with error feedback",
    "metadata": {
      "client_id": "demo-hvac",
      "attempt": 6
    }
  },
  {
    "timestamp": "2025-12-10T11:27:07.231925",
    "category": "syntax",
    "issue": "TypeScript compilation failed: C:/Users/Ryan/AppData/Local/Temp/tmptjz759ab.tsx(201,24): error TS1160: Unterminated template literal.\n",
    "fix": "Will retry with error feedback",
    "metadata": {
      "client_id": "demo-hvac",
      "attempt": 2
    }
  },
  {
    "timestamp": "2025-12-10T11:28:12.128119",
    "category": "syntax",
    "issue": "TypeScript compilation failed: C:/Users/Ryan/AppData/Local/Temp/tmpj0wgowhj.tsx(278,94): error TS1160: Unterminated template literal.\n",
    "fix": "Will retry with error feedback",
    "metadata": {
      "client_id": "demo-hvac",
      "attempt": 3
    }
  },
  {
    "timestamp": "2025-12-10T11:28:59.715457",
    "category": "syntax",
    "issue": "TypeScript compilation failed: C:/Users/Ryan/AppData/Local/Temp/tmpxgiundil.tsx(253,60): error TS1160: Unterminated template literal.\n",
    "fix": "Will retry with error feedback",
    "metadata": {
      "client_id": "demo-hvac",
      "attempt": 4
    }
  },
  {
    "timestamp": "2025-12-10T11:29:42.379018",
    "category": "syntax",
    "issue": "TypeScript compilation failed: C:/Users/Ryan/AppData/Local/Temp/tmpp4rdawhv.tsx(284,57): error TS1160: Unterminated template literal.\n",
    "fix": "Will retry with error feedback",
    "metadata": {
      "client_id": "demo-hvac",
      "attempt": 5
    }
  },
  {
    "timestamp": "2025-12-10T11:30:37.568862",
    "category": "syntax",
    "issue": "TypeScript compilation failed: C:/Users/Ryan/AppData/Local/Temp/tmpbcnn_nha.tsx(309,58): error TS1160: Unterminated template literal.\n",
    "fix": "Will retry with error feedback",
    "metadata": {
      "client_id": "demo-hvac",
      "attempt": 1
    }
  },
  {
    "timestamp": "2025-12-10T11:31:20.328932",
    "category": "syntax",
    "issue": "TypeScript compilation failed: C:/Users/Ryan/AppData/Local/Temp/tmp2engsars.tsx(297,20): error TS1160: Unterminated template literal.\n",
    "fix": "Will retry with error feedback",
    "metadata": {
      "client_id": "demo-hvac",
      "attempt": 1
    }
  },
  {
    "timestamp": "2025-12-10T11:31:22.113009",
    "category": "syntax",
    "issue": "TypeScript compilation failed: C:/Users/Ryan/AppData/Local/Temp/tmpvege4a71.tsx(13,8): error TS2307: Cannot find module '@/components' or its corresponding type declarations.\n",
    "fix": "Will retry with error feedback",
    "metadata": {
      "client_id": "demo-hvac",
      "attempt": 2
    }
  },
  {
    "timestamp": "2025-12-10T11:32:04.575782",
    "category": "syntax",
    "issue": "TypeScript compilation failed: C:/Users/Ryan/AppData/Local/Temp/tmpgavi7256.tsx(373,71): error TS1160: Unterminated template literal.\n",
    "fix": "Will retry with error feedback",
    "metadata": {
      "client_id": "demo-hvac",
      "attempt": 3
    }
  },
  {
    "timestamp": "2025-12-10T11:32:05.439650",
    "category": "syntax",
    "issue": "TypeScript compilation failed: C:/Users/Ryan/AppData/Local/Temp/tmpw4u4o9m7.tsx(272,17): error TS1160: Unterminated template literal.\n",
    "fix": "Will retry with error feedback",
    "metadata": {
      "client_id": "demo-hvac",
      "attempt": 2
    }
  },
  {
    "timestamp": "2025-12-10T11:33:05.242180",
    "category": "syntax",
    "issue": "TypeScript compilation failed: C:/Users/Ryan/AppData/Local/Temp/tmp3wdht2kg.tsx(306,42): error TS1160: Unterminated template literal.\n",
    "fix": "Will retry with error feedback",
    "metadata": {
      "client_id": "demo-hvac",
      "attempt": 3
    }
  },
  {
    "timestamp": "2025-12-10T11:33:53.834974",
    "category": "syntax",
    "issue": "TypeScript compilation failed: C:/Users/Ryan/AppData/Local/Temp/tmp2imv3xz0.tsx(304,92): error TS1160: Unterminated template literal.\n",
    "fix": "Will retry with error feedback",
    "metadata": {
      "client_id": "demo-hvac",
      "attempt": 4
    }
  },
  {
    "timestamp": "2025-12-10T11:45:37.478345",
    "category": "builder",
    "issue": "Builder returned empty or malformed response",
    "fix": "Will retry with same inputs",
    "metadata": {
      "client_id": "demo-hvac",
      "attempt": 1
    }
  },
  {
    "timestamp": "2025-12-10T11:46:39.244070",
    "category": "builder",
    "issue": "Builder returned empty or malformed response",
    "fix": "Will retry with same inputs",
    "metadata": {
      "client_id": "demo-hvac",
      "attempt": 2
    }
  },
  {
    "timestamp": "2025-12-10T11:47:37.936938",
    "category": "builder",
    "issue": "Builder returned empty or malformed response",
    "fix": "Will retry with same inputs",
    "metadata": {
      "client_id": "demo-hvac",
      "attempt": 3
    }
  },
  {
    "timestamp": "2025-12-10T11:48:11.936043",
    "category": "builder",
    "issue": "Builder returned empty or malformed response",
    "fix": "Will retry with same inputs",
    "metadata": {
      "client_id": "demo-hvac",
      "attempt": 1
    }
  },
  {
    "timestamp": "2025-12-10T11:48:37.063179",
    "category": "builder",
    "issue": "Builder returned empty or malformed response",
    "fix": "Will retry with same inputs",
    "metadata": {
      "client_id": "demo-hvac",
      "attempt": 4
    }
  },
  {
    "timestamp": "2025-12-10T11:49:32.181708",
    "category": "builder",
    "issue": "Builder returned empty or malformed response",
    "fix": "Will retry with same inputs",
    "metadata": {
      "client_id": "demo-hvac",
      "attempt": 5
    }
  },
  {
    "timestamp": "2025-12-10T11:49:33.436124",
    "category": "builder",
    "issue": "Builder returned empty or malformed response",
    "fix": "Will retry with same inputs",
    "metadata": {
      "client_id": "demo-hvac",
      "attempt": 1
    }
  },
  {
    "timestamp": "2025-12-10T11:52:46.317591",
    "category": "builder",
    "issue": "Builder returned empty or malformed response",
    "fix": "Will retry with same inputs",
    "metadata": {
      "client_id": "demo-hvac",
      "attempt": 1
    }
  },
  {
    "timestamp": "2025-12-10T11:53:54.937212",
    "category": "builder",
    "issue": "Builder returned empty or malformed response",
    "fix": "Will retry with same inputs",
    "metadata": {
      "client_id": "demo-hvac",
      "attempt": 2
    }
  },
  {
    "timestamp": "2025-12-10T11:54:52.796789",
    "category": "builder",
    "issue": "Builder returned empty or malformed response",
    "fix": "Will retry with same inputs",
    "metadata": {
      "client_id": "demo-hvac",
      "attempt": 3
    }
  },
  {
    "timestamp": "2025-12-10T11:56:06.170857",
    "category": "builder",
    "issue": "Builder returned empty or malformed response",
    "fix": "Will retry with same inputs",
    "metadata": {
      "client_id": "demo-hvac",
      "attempt": 4
    }
  },
  {
    "timestamp": "2025-12-10T11:56:56.103127",
    "category": "builder",
    "issue": "Builder returned empty or malformed response",
    "fix": "Will retry with same inputs",
    "metadata": {
      "client_id": "demo-hvac",
      "attempt": 5
    }
  },
  {
    "timestamp": "2025-12-10T11:57:46.905670",
    "category": "builder",
    "issue": "Builder returned empty or malformed response",
    "fix": "Will retry with same inputs",
    "metadata": {
      "client_id": "demo-hvac",
      "attempt": 6
    }
  },
  {
    "timestamp": "2025-12-10T11:58:39.860974",
    "category": "builder",
    "issue": "Builder returned empty or malformed response",
    "fix": "Will retry with same inputs",
    "metadata": {
      "client_id": "demo-hvac",
      "attempt": 1
    }
  },
  {
    "timestamp": "2025-12-10T11:59:36.782659",
    "category": "builder",
    "issue": "Builder returned empty or malformed response",
    "fix": "Will retry with same inputs",
    "metadata": {
      "client_id": "demo-hvac",
      "attempt": 2
    }
  },
  {
    "timestamp": "2025-12-10T12:00:26.336662",
    "category": "builder",
    "issue": "Builder returned empty or malformed response",
    "fix": "Will retry with same inputs",
    "metadata": {
      "client_id": "demo-hvac",
      "attempt": 3
    }
  },
  {
    "timestamp": "2025-12-10T12:01:26.871589",
    "category": "builder",
    "issue": "Builder returned empty or malformed response",
    "fix": "Will retry with same inputs",
    "metadata": {
      "client_id": "demo-hvac",
      "attempt": 4
    }
  },
  {
    "timestamp": "2025-12-10T12:02:35.723214",
    "category": "builder",
    "issue": "Builder returned empty or malformed response",
    "fix": "Will retry with same inputs",
    "metadata": {
      "client_id": "demo-hvac",
      "attempt": 5
    }
  },
  {
    "timestamp": "2025-12-10T19:42:13.656700",
    "category": "builder",
    "issue": "Builder returned empty or malformed response",
    "fix": "Will retry with same inputs",
    "metadata": {
      "client_id": "demo-hvac",
      "attempt": 1
    }
  },
  {
    "timestamp": "2025-12-10T19:43:10.032142",
    "category": "builder",
    "issue": "Builder returned empty or malformed response",
    "fix": "Will retry with same inputs",
    "metadata": {
      "client_id": "demo-hvac",
      "attempt": 2
    }
  },
  {
    "timestamp": "2025-12-10T19:44:06.113759",
    "category": "builder",
    "issue": "Builder returned empty or malformed response",
    "fix": "Will retry with same inputs",
    "metadata": {
      "client_id": "demo-hvac",
      "attempt": 3
    }
  },
  {
    "timestamp": "2025-12-10T20:03:08.693480",
    "category": "syntax",
    "issue": "TypeScript compilation failed: C:/Users/Ryan/AppData/Local/Temp/tmpw4sd64tk.tsx(268,53): error TS1160: Unterminated template literal.\n",
    "fix": "Will retry with error feedback",
    "metadata": {
      "client_id": "demo-hvac",
      "attempt": 1
    }
  },
  {
    "timestamp": "2025-12-10T20:04:03.936459",
    "category": "syntax",
    "issue": "TypeScript compilation failed: C:/Users/Ryan/AppData/Local/Temp/tmp3k1zm4zh.tsx(264,47): error TS1160: Unterminated template literal.\n",
    "fix": "Will retry with error feedback",
    "metadata": {
      "client_id": "demo-hvac",
      "attempt": 2
    }
  },
  {
    "timestamp": "2025-12-10T20:04:58.271212",
    "category": "syntax",
    "issue": "TypeScript compilation failed: C:/Users/Ryan/AppData/Local/Temp/tmpg6657zsy.tsx(253,20): error TS1160: Unterminated template literal.\n",
    "fix": "Will retry with error feedback",
    "metadata": {
      "client_id": "demo-hvac",
      "attempt": 3
    }
  },
  {
    "timestamp": "2025-12-10T20:05:49.089170",
    "category": "syntax",
    "issue": "TypeScript compilation failed: C:/Users/Ryan/AppData/Local/Temp/tmp21iac56r.tsx(295,81): error TS1160: Unterminated template literal.\n",
    "fix": "Will retry with error feedback",
    "metadata": {
      "client_id": "demo-hvac",
      "attempt": 4
    }
  },
  {
    "timestamp": "2025-12-10T20:06:46.074865",
    "category": "syntax",
    "issue": "TypeScript compilation failed: C:/Users/Ryan/AppData/Local/Temp/tmpp9it2zss.tsx(280,17): error TS1160: Unterminated template literal.\n",
    "fix": "Will retry with error feedback",
    "metadata": {
      "client_id": "demo-hvac",
      "attempt": 5
    }
  },
  {
    "timestamp": "2025-12-10T20:07:41.577750",
    "category": "syntax",
    "issue": "TypeScript compilation failed: C:/Users/Ryan/AppData/Local/Temp/tmpakyvu2_c.tsx(254,229): error TS1160: Unterminated template literal.\n",
    "fix": "Will retry with error feedback",
    "metadata": {
      "client_id": "demo-hvac",
      "attempt": 6
    }
  },
  {
    "timestamp": "2025-12-10T20:13:16.350194",
    "category": "syntax",
    "issue": "TypeScript compilation failed: page.tsx(12,8): error TS2307: Cannot find module '@/components' or its corresponding type declarations.\n",
    "fix": "Will retry with error feedback",
    "metadata": {
      "client_id": "demo-hvac",
      "attempt": 1
    }
  },
  {
    "timestamp": "2025-12-10T20:14:52.888180",
    "category": "syntax",
    "issue": "TypeScript compilation failed: page.tsx(426,53): error TS1160: Unterminated template literal.\n",
    "fix": "Will retry with error feedback",
    "metadata": {
      "client_id": "demo-hvac",
      "attempt": 2
    }
  },
  {
    "timestamp": "2025-12-10T20:16:38.595417",
    "category": "syntax",
    "issue": "TypeScript compilation failed: page.tsx(15,8): error TS2307: Cannot find module '@/components' or its corresponding type declarations.\n",
    "fix": "Will retry with error feedback",
    "metadata": {
      "client_id": "demo-hvac",
      "attempt": 3
    }
  },
  {
    "timestamp": "2025-12-10T20:18:05.818082",
    "category": "syntax",
    "issue": "TypeScript compilation failed: page.tsx(18,8): error TS2307: Cannot find module '@/components/index' or its corresponding type declarations.\n",
    "fix": "Will retry with error feedback",
    "metadata": {
      "client_id": "demo-hvac",
      "attempt": 4
    }
  },
  {
    "timestamp": "2025-12-10T20:19:36.892139",
    "category": "syntax",
    "issue": "TypeScript compilation failed: page.tsx(16,8): error TS2307: Cannot find module '@/components' or its corresponding type declarations.\n",
    "fix": "Will retry with error feedback",
    "metadata": {
      "client_id": "demo-hvac",
      "attempt": 5
    }
  },
  {
    "timestamp": "2025-12-10T20:21:03.161212",
    "category": "syntax",
    "issue": "TypeScript compilation failed: page.tsx(1,19): error TS2307: Cannot find module 'react' or its corresponding type declarations.\npage.tsx(16,8): error TS2307: Cannot find module '@/components/ui' or its corresponding type declarations.\n",
    "fix": "Will retry with error feedback",
    "metadata": {
      "client_id": "demo-hvac",
      "attempt": 6
    }
  },
  {
    "timestamp": "2025-12-10T20:32:34.389451",
    "category": "syntax",
    "issue": "TypeScript compilation failed: lib/metrics-schema.ts(1,19): error TS2307: Cannot find module 'zod' or its corresponding type declarations.\nlib/metrics.ts(99,7): error TS2580: Cannot find name 'process'. Do you need to install type definitions for node? Try `npm i --save-dev @types/node`.\n",
    "fix": "Will retry with error feedback",
    "metadata": {
      "client_id": "demo-hvac",
      "attempt": 1
    }
  },
  {
    "timestamp": "2025-12-10T20:34:13.585627",
    "category": "syntax",
    "issue": "TypeScript compilation failed: page.tsx(1,26): error TS2307: Cannot find module 'next' or its corresponding type declarations.\npage.tsx(25,26): error TS2580: Cannot find name 'process'. Do you need to install type definitions for node? Try `npm i --save-dev @types/node`.\nlib/metrics-schema.ts(1,19): error TS2307: Cannot find modu",
    "fix": "Will retry with error feedback",
    "metadata": {
      "client_id": "demo-hvac",
      "attempt": 2
    }
  },
  {
    "timestamp": "2025-12-10T20:35:36.824426",
    "category": "syntax",
    "issue": "TypeScript compilation failed: page.tsx(1,28): error TS2307: Cannot find module '@/components/blocks/hero-simple' or its corresponding type declarations.\npage.tsx(2,29): error TS2307: Cannot find module '@/components/blocks/feature-grid' or its corresponding type declarations.\npage.tsx(3,30): error TS2307: Cannot find module '@/c",
    "fix": "Will retry with error feedback",
    "metadata": {
      "client_id": "demo-hvac",
      "attempt": 3
    }
  },
  {
    "timestamp": "2025-12-10T20:37:14.564181",
    "category": "syntax",
    "issue": "TypeScript compilation failed: page.tsx(1,24): error TS2307: Cannot find module '@/components/blocks/HeroSimple' or its corresponding type declarations.\npage.tsx(2,25): error TS2307: Cannot find module '@/components/blocks/FeatureGrid' or its corresponding type declarations.\npage.tsx(3,26): error TS2307: Cannot find module '@/com",
    "fix": "Will retry with error feedback",
    "metadata": {
      "client_id": "demo-hvac",
      "attempt": 4
    }
  },
  {
    "timestamp": "2025-12-10T20:38:45.435008",
    "category": "syntax",
    "issue": "TypeScript compilation failed: page.tsx(1,28): error TS2307: Cannot find module '@/components/blocks/hero-simple' or its corresponding type declarations.\npage.tsx(2,29): error TS2307: Cannot find module '@/components/blocks/feature-grid' or its corresponding type declarations.\npage.tsx(3,30): error TS2307: Cannot find module '@/c",
    "fix": "Will retry with error feedback",
    "metadata": {
      "client_id": "demo-hvac",
      "attempt": 5
    }
  },
  {
    "timestamp": "2025-12-10T20:40:21.038543",
    "category": "syntax",
    "issue": "TypeScript compilation failed: page.tsx(1,28): error TS2307: Cannot find module '@/components/blocks/HeroSimple' or its corresponding type declarations.\npage.tsx(2,29): error TS2307: Cannot find module '@/components/blocks/FeatureGrid' or its corresponding type declarations.\npage.tsx(3,30): error TS2307: Cannot find module '@/com",
    "fix": "Will retry with error feedback",
    "metadata": {
      "client_id": "demo-hvac",
      "attempt": 6
    }
  },
  {
    "timestamp": "2025-12-10T20:55:01.964611",
    "category": "syntax",
    "issue": "TypeScript compilation failed: page.tsx(18,26): error TS2580: Cannot find name 'process'. Do you need to install type definitions for node? Try `npm i --save-dev @types/node`.\nlib/metrics-schema.ts(1,19): error TS2307: Cannot find module 'zod' or its corresponding type declarations.\nlib/metrics.ts(99,7): error TS2580: Cannot find",
    "fix": "Will retry with error feedback",
    "metadata": {
      "client_id": "demo-hvac",
      "attempt": 1
    }
  },
  {
    "timestamp": "2025-12-10T20:59:33.218673",
    "category": "syntax",
    "issue": "TypeScript compilation failed: page.tsx(17,26): error TS2580: Cannot find name 'process'. Do you need to install type definitions for node? Try `npm i --save-dev @types/node`.\nlib/metrics-schema.ts(1,19): error TS2307: Cannot find module 'zod' or its corresponding type declarations.\nlib/metrics.ts(99,7): error TS2580: Cannot find",
    "fix": "Will retry with error feedback",
    "metadata": {
      "client_id": "demo-hvac",
      "attempt": 1
    }
  },
  {
    "timestamp": "2025-12-10T21:06:39.016213",
    "category": "syntax",
    "issue": "TypeScript compilation failed: lib/metrics-schema.ts(1,19): error TS2307: Cannot find module 'zod' or its corresponding type declarations.\nlib/metrics.ts(99,7): error TS2580: Cannot find name 'process'. Do you need to install type definitions for node? Try `npm i --save-dev @types/node`.\n",
    "fix": "Will retry with error feedback",
    "metadata": {
      "client_id": "demo-hvac",
      "attempt": 1
    }
  },
  {
    "timestamp": "2025-12-10T21:07:27.960075",
    "category": "syntax",
    "issue": "TypeScript compilation failed: lib/metrics-schema.ts(1,19): error TS2307: Cannot find module 'zod' or its corresponding type declarations.\nlib/metrics.ts(99,7): error TS2580: Cannot find name 'process'. Do you need to install type definitions for node? Try `npm i --save-dev @types/node`.\n",
    "fix": "Will retry with error feedback",
    "metadata": {
      "client_id": "demo-hvac",
      "attempt": 1
    }
  },
  {
    "timestamp": "2025-12-10T21:15:59.138215",
    "category": "syntax",
    "issue": "TypeScript compilation failed: error TS18003: No inputs were found in config file 'page.tsxconfig.json'. Specified 'include' paths were '[\"page.tsx\"]' and 'exclude' paths were '[\"**/*\"]'.\n",
    "fix": "Will retry with error feedback",
    "metadata": {
      "client_id": "demo-hvac",
      "attempt": 1
    }
  },
  {
    "timestamp": "2025-12-10T21:17:19.339904",
    "category": "syntax",
    "issue": "TypeScript compilation failed: error TS18003: No inputs were found in config file 'page.tsxconfig.json'. Specified 'include' paths were '[\"page.tsx\"]' and 'exclude' paths were '[\"**/*\"]'.\n",
    "fix": "Will retry with error feedback",
    "metadata": {
      "client_id": "demo-hvac",
      "attempt": 2
    }
  },
  {
    "timestamp": "2025-12-10T21:21:56.269267",
    "category": "syntax",
    "issue": "TypeScript compilation failed: page.tsx(85,59): error TS2322: Type '{ children: Element; background: \"white\"; paddingY: \"large\"; id: string; }' is not assignable to type 'IntrinsicAttributes & SectionWrapperProps'.\n  Property 'id' does not exist on type 'IntrinsicAttributes & SectionWrapperProps'.\npage.tsx(132,58): error TS2322: ",
    "fix": "Will retry with error feedback",
    "metadata": {
      "client_id": "demo-hvac",
      "attempt": 1
    }
  },
  {
    "timestamp": "2025-12-10T21:23:25.738493",
    "category": "visual",
    "issue": "Visual QA failed: FAIL: [Multiple visual problems detected]\n\n1. **Text Readability Issues:**\n   - Text is extremely small and difficult to read on mobile\n   - Multiple sections appear compressed with poor line spacing\n   - Headers and body text have insufficient contrast/hierarchy\n\n2. **Layout Problems:**\n   - Conten",
    "fix": "Will retry with visual feedback",
    "metadata": {
      "client_id": "demo-hvac",
      "attempt": 2
    }
  },
  {
    "timestamp": "2025-12-10T21:25:10.259661",
    "category": "syntax",
    "issue": "TypeScript compilation failed: page.tsx(16,26): error TS2580: Cannot find name 'process'. Do you need to install type definitions for node? Try `npm i --save-dev @types/node`.",
    "fix": "Will retry with error feedback",
    "metadata": {
      "client_id": "demo-hvac",
      "attempt": 3
    }
  },
  {
    "timestamp": "2025-12-10T21:47:17.631063",
    "category": "syntax",
    "issue": "TypeScript compilation failed: page.tsx(332,185): error TS1005: ',' expected.\npage.tsx(332,188): error TS1005: ',' expected.\npage.tsx(332,193): error TS1005: ',' expected.\npage.tsx(332,197): error TS1005: ',' expected.\npage.tsx(332,203): error TS1005: ',' expected.\npage.tsx(332,211): error TS1005: ',' expected.\npage.tsx(332,216):",
    "fix": "Will retry with error feedback",
    "metadata": {
      "client_id": "demo-hvac",
      "attempt": 1
    }
  },
  {
    "timestamp": "2025-12-10T22:26:31.582677",
    "category": "syntax",
    "issue": "TypeScript compilation failed: page.tsx(111,303): error TS1005: ',' expected.\npage.tsx(111,305): error TS1005: ',' expected.\npage.tsx(111,312): error TS1005: ',' expected.\npage.tsx(111,313): error TS1003: Identifier expected.\npage.tsx(111,315): error TS1002: Unterminated string literal.\npage.tsx(112,17): error TS1005: ':' expecte",
    "fix": "Will retry with error feedback",
    "metadata": {
      "client_id": "ember-roasters",
      "attempt": 1
    }
  },
  {
    "timestamp": "2025-12-10T22:28:05.022282",
    "category": "visual",
    "issue": "Visual QA failed: FAIL: [Multiple visual issues detected]\n\n**Specific Problems:**\n\n1. **Text Readability Issues:**\n   - Several sections have low contrast text that is difficult to read\n   - Text appears faint/washed out in multiple colored background sections\n   - Some body text lacks sufficient contrast against its",
    "fix": "Will retry with visual feedback",
    "metadata": {
      "client_id": "ember-roasters",
      "attempt": 2
    }
  },
  {
    "timestamp": "2025-12-10T22:29:42.714179",
    "category": "visual",
    "issue": "Visual QA failed: FAIL: [Multiple visual issues detected]\n\n1. **Text Readability Issues:**\n   - Several sections show text that appears to have insufficient contrast or visibility\n   - Some body text appears faint or difficult to read against its background\n   - Multiple instances of small text that may be hard to pa",
    "fix": "Will retry with visual feedback",
    "metadata": {
      "client_id": "ember-roasters",
      "attempt": 3
    }
  },
  {
    "timestamp": "2025-12-10T22:31:06.395261",
    "category": "syntax",
    "issue": "TypeScript compilation failed: page.tsx(19,26): error TS2580: Cannot find name 'process'. Do you need to install type definitions for node? Try `npm i --save-dev @types/node`.",
    "fix": "Will retry with error feedback",
    "metadata": {
      "client_id": "demo-saas",
      "attempt": 1
    }
  },
  {
    "timestamp": "2025-12-10T22:32:31.935980",
    "category": "visual",
    "issue": "Visual QA failed: FAIL: [Multiple visual issues detected]\n\n**Specific Problems:**\n\n1. **Text Readability Issues:**\n   - Several sections appear to have text that is difficult to read or potentially invisible due to color contrast problems\n   - Multiple instances of text appearing faint or washed out against backgroun",
    "fix": "Will retry with visual feedback",
    "metadata": {
      "client_id": "demo-saas",
      "attempt": 2
    }
  },
  {
    "timestamp": "2025-12-10T22:33:42.198262",
    "category": "visual",
    "issue": "Visual QA failed: FAIL: [Multiple visual issues detected]\n\n**Specific Problems:**\n\n1. **Text Readability Issues:**\n   - Several sections contain text that appears difficult to read due to contrast or color matching\n   - Multiple instances of text that may be invisible or nearly invisible against backgrounds (particul",
    "fix": "Will retry with visual feedback",
    "metadata": {
      "client_id": "demo-saas",
      "attempt": 3
    }
  },
  {
    "timestamp": "2025-12-11T03:54:52.392364",
    "category": "syntax",
    "issue": "TypeScript compilation failed: page.tsx(18,26): error TS2580: Cannot find name 'process'. Do you need to install type definitions for node? Try `npm i --save-dev @types/node`.",
    "fix": "Will retry with error feedback",
    "metadata": {
      "client_id": "demo-hvac",
      "attempt": 1
    }
  },
  {
    "timestamp": "2025-12-11T03:56:21.456621",
    "category": "visual",
    "issue": "Visual QA failed: FAIL: [list specific visual problems]\n\n**Critical Issues Identified:**\n\n1. **Missing Images/Logos (CRITICAL)**\n   - Multiple image containers appear empty throughout the page\n   - Testimonial/avatar sections show no profile images\n   - Hero section images are not visible/failed to load\n   - Company ",
    "fix": "Will retry with visual feedback",
    "metadata": {
      "client_id": "demo-hvac",
      "attempt": 2
    }
  },
  {
    "timestamp": "2025-12-11T03:57:42.732257",
    "category": "visual",
    "issue": "Visual QA failed: FAIL: [Missing images and logos detected]\n\n**Specific Issues:**\n\n1. **Missing Logo/Branding** - No visible company logo at the top of the page where it should be present\n2. **Missing Hero Image** - The hero section appears to lack a background image or featured visual\n3. **Missing Testimonial Avatar",
    "fix": "Will retry with visual feedback",
    "metadata": {
      "client_id": "demo-hvac",
      "attempt": 3
    }
  },
  {
    "timestamp": "2025-12-11T03:58:56.500121",
    "category": "syntax",
    "issue": "TypeScript compilation failed: page.tsx(433,48): error TS1005: ',' expected.\npage.tsx(433,50): error TS1005: ',' expected.\npage.tsx(433,70): error TS1005: '{' expected.\npage.tsx(433,72): error TS1002: Unterminated string literal.\npage.tsx(434,21): error TS1005: ':' expected.\npage.tsx(434,29): error TS1005: ',' expected.\npage.tsx(",
    "fix": "Will retry with error feedback",
    "metadata": {
      "client_id": "demo-hvac",
      "attempt": 4
    }
  },
  {
    "timestamp": "2025-12-11T04:06:42.877091",
    "category": "syntax",
    "issue": "TypeScript compilation failed: C:/Users/Ryan/AppData/Local/Temp/tmpv_88fw6o.tsx(16,8): error TS2307: Cannot find module '@/components' or its corresponding type declarations.\n",
    "fix": "Will retry with error feedback",
    "metadata": {
      "client_id": "ember-roasters",
      "attempt": 1
    }
  },
  {
    "timestamp": "2025-12-11T04:07:32.341350",
    "category": "syntax",
    "issue": "TypeScript compilation failed: C:/Users/Ryan/AppData/Local/Temp/tmp9rvzr6cy.tsx(276,15): error TS1160: Unterminated template literal.\n",
    "fix": "Will retry with error feedback",
    "metadata": {
      "client_id": "ember-roasters",
      "attempt": 2
    }
  },
  {
    "timestamp": "2025-12-11T04:08:12.315049",
    "category": "syntax",
    "issue": "TypeScript compilation failed: C:/Users/Ryan/AppData/Local/Temp/tmp6rsc7jf5.tsx(15,8): error TS2307: Cannot find module '@/components' or its corresponding type declarations.\n",
    "fix": "Will retry with error feedback",
    "metadata": {
      "client_id": "ember-roasters",
      "attempt": 3
    }
  },
  {
    "timestamp": "2025-12-11T04:09:01.825986",
    "category": "syntax",
    "issue": "TypeScript compilation failed: C:/Users/Ryan/AppData/Local/Temp/tmp3zvociqs.tsx(330,60): error TS1160: Unterminated template literal.\n",
    "fix": "Will retry with error feedback",
    "metadata": {
      "client_id": "ember-roasters",
      "attempt": 4
    }
  },
  {
    "timestamp": "2025-12-11T04:09:53.315977",
    "category": "syntax",
    "issue": "TypeScript compilation failed: C:/Users/Ryan/AppData/Local/Temp/tmph2qoz526.tsx(15,8): error TS2307: Cannot find module '@/components' or its corresponding type declarations.\n",
    "fix": "Will retry with error feedback",
    "metadata": {
      "client_id": "ember-roasters",
      "attempt": 5
    }
  },
  {
    "timestamp": "2025-12-11T04:10:13.665861",
    "category": "visual",
    "issue": "Visual QA failed: FAIL: [Multiple visual issues detected]\n\n1. **Missing Images/Logos**: \n   - Several image containers appear empty or show placeholder areas where logos, hero images, and testimonial avatars should be displayed\n   - Company/brand logos are not visible in multiple sections\n   - Testimonial profile ima",
    "fix": "Will retry with visual feedback",
    "metadata": {
      "client_id": "demo-hvac",
      "attempt": 1
    }
  },
  {
    "timestamp": "2025-12-11T04:10:47.787486",
    "category": "syntax",
    "issue": "TypeScript compilation failed: C:/Users/Ryan/AppData/Local/Temp/tmpu__xi9_p.tsx(330,33): error TS1160: Unterminated template literal.\n",
    "fix": "Will retry with error feedback",
    "metadata": {
      "client_id": "ember-roasters",
      "attempt": 6
    }
  },
  {
    "timestamp": "2025-12-11T04:11:30.568478",
    "category": "syntax",
    "issue": "TypeScript compilation failed: page.tsx(18,26): error TS2580: Cannot find name 'process'. Do you need to install type definitions for node? Try `npm i --save-dev @types/node`.",
    "fix": "Will retry with error feedback",
    "metadata": {
      "client_id": "demo-hvac",
      "attempt": 2
    }
  },
  {
    "timestamp": "2025-12-11T04:49:04.782389",
    "category": "syntax",
    "issue": "TypeScript compilation failed: page.tsx(126,191): error TS1005: ',' expected.\npage.tsx(126,194): error TS1005: ',' expected.\npage.tsx(126,203): error TS1005: ',' expected.\npage.tsx(126,208): error TS1005: ',' expected.\npage.tsx(126,215): error TS1005: ',' expected.\npage.tsx(126,216): error TS1003: Identifier expected.\npage.tsx(12",
    "fix": "Will retry with error feedback",
    "metadata": {
      "client_id": "demo-saas",
      "attempt": 1
    }
  },
  {
    "timestamp": "2025-12-11T04:50:15.887890",
    "category": "visual",
    "issue": "Visual QA failed: FAIL: [Internal Server Error - The page displays only a generic \"Internal Server Error\" message with no functional content, missing UI elements, images, logos, buttons, or CTAs. The page is not rendering properly and appears to be in a broken/error state rather than displaying the intended mobile in",
    "fix": "Will retry with visual feedback",
    "metadata": {
      "client_id": "demo-saas",
      "attempt": 2
    }
  },
  {
    "timestamp": "2025-12-11T04:51:26.416261",
    "category": "syntax",
    "issue": "TypeScript compilation failed: page.tsx(146,191): error TS1005: ',' expected.\npage.tsx(146,194): error TS1005: ',' expected.\npage.tsx(146,203): error TS1005: ',' expected.\npage.tsx(146,208): error TS1005: ',' expected.\npage.tsx(146,215): error TS1005: ',' expected.\npage.tsx(146,216): error TS1003: Identifier expected.\npage.tsx(14",
    "fix": "Will retry with error feedback",
    "metadata": {
      "client_id": "demo-saas",
      "attempt": 3
    }
  },
  {
    "timestamp": "2025-12-11T04:52:30.346752",
    "category": "visual",
    "issue": "Visual QA failed: FAIL: [The page displays only \"Internal Server Error\" text on a blank white background. This indicates a critical server-side error rather than a functional mobile UI. The page is missing all content, images, logos, CTAs, buttons, and structural elements. This is not a rendering issue but a complete",
    "fix": "Will retry with visual feedback",
    "metadata": {
      "client_id": "demo-saas",
      "attempt": 4
    }
  }
]